<?xml version="1.0" encoding="UTF-8"?>
<!-- Generated by org.testng.reporters.JUnitReportReporter -->
<testsuite hostname="DESKTOP-I87U9OT" failures="0" tests="4" name="Amezon_LoginPage.Group_Test_NG" time="0.020" errors="0" timestamp="2024-01-06T01:06:41 IST" skipped="0">
  <testcase classname="Amezon_LoginPage.Group_Test_NG" name="Test4" time="0.001"/>
  <system-out/>
  <testcase classname="Amezon_LoginPage.Group_Test_NG" name="Test1" time="0.016"/>
  <system-out/>
  <testcase classname="Amezon_LoginPage.Group_Test_NG" name="Test2" time="0.002"/>
  <system-out/>
  <testcase classname="Amezon_LoginPage.Group_Test_NG" name="Test3" time="0.001"/>
  <system-out/>
</testsuite> <!-- Amezon_LoginPage.Group_Test_NG -->
