<?xml version="1.0" encoding="UTF-8"?>
<!-- Generated by org.testng.reporters.JUnitReportReporter -->
<testsuite hostname="DESKTOP-I87U9OT" failures="0" tests="3" name="Amezon_LoginPage.ForTestNG_LIstner" time="0.025" errors="0" timestamp="2024-01-30T17:14:28 IST" skipped="0">
  <testcase classname="Amezon_LoginPage.ForTestNG_LIstner" name="Test3" time="0.003"/>
  <system-out/>
  <testcase classname="Amezon_LoginPage.ForTestNG_LIstner" name="Test1" time="0.020"/>
  <system-out/>
  <testcase classname="Amezon_LoginPage.ForTestNG_LIstner" name="Test2" time="0.002"/>
  <system-out/>
</testsuite> <!-- Amezon_LoginPage.ForTestNG_LIstner -->
