<?xml version="1.0" encoding="UTF-8"?>
<!-- Generated by org.testng.reporters.JUnitReportReporter -->
<testsuite hostname="DESKTOP-I87U9OT" failures="0" tests="3" name="Amezon_LoginPage.Data" time="0.015" errors="0" timestamp="2024-02-01T15:06:39 IST" skipped="0">
  <testcase classname="Amezon_LoginPage.Data" name="Test1" time="0.001"/>
  <system-out/>
  <testcase classname="Amezon_LoginPage.Data" name="Test1" time="0.001"/>
  <system-out/>
  <testcase classname="Amezon_LoginPage.Data" name="Test1" time="0.013"/>
  <system-out/>
</testsuite> <!-- Amezon_LoginPage.Data -->
