<?xml version="1.0" encoding="UTF-8"?>
<!-- Generated by org.testng.reporters.JUnitReportReporter -->
<testsuite hostname="DESKTOP-I87U9OT" failures="0" tests="1" name="Amezon_LoginPage.AssertEx" time="0.015" errors="0" timestamp="2024-01-06T00:58:25 IST" skipped="0">
  <testcase classname="Amezon_LoginPage.AssertEx" name="Test1" time="0.015"/>
  <system-out/>
</testsuite> <!-- Amezon_LoginPage.AssertEx -->
