<?xml version="1.0" encoding="UTF-8"?>
<!-- Generated by org.testng.reporters.JUnitReportReporter -->
<testsuite hostname="DESKTOP-I87U9OT" failures="0" tests="2" name="Amezon_LoginPage.Loginpage_TestNG" time="0.002" errors="0" timestamp="2024-01-03T17:53:56 IST" skipped="1">
  <testcase classname="Amezon_LoginPage.Loginpage_TestNG" name="Test13" time="0.002"/>
  <testcase classname="Amezon_LoginPage.Loginpage_TestNG" name="Test12">
    <skipped/>
  </testcase> <!-- Test12 -->
</testsuite> <!-- Amezon_LoginPage.Loginpage_TestNG -->
